
---------------------------------------

Reading document : Start.
Reading document : End.

---------------------------------------

Verifying document : Start.
Verifying document : End.

---------------------------------------

Machine initialization : Start.
Machine initialization : End.

---------------------------------------


Generating NC code file : Start.

Information: ** activity Manufacturing Program.1 : INIT. ** 

Information: ** activity Tool Change.1 : INIT. ** 
Information: ** Machining and total time  : 0s , 0s . ** 
Information: ** activity Tool Change.1 : END . ** 
Warning: activity Roughing.1 is locked.

Information: ** activity Roughing.1 : INIT. ** 
Information: Force Compute on Roughing.1.
Information: ** Machining and total time  : 2mn 46s , 3mn 7s . ** 
Information: ** activity Roughing.1 : END . ** 

Information: ** activity Tool Change.2 : INIT. ** 
Information: ** Machining and total time  : 0s , 0s . ** 
Information: ** activity Tool Change.2 : END . ** 
Warning: activity Multi-Axis Flank Contouring.1 is locked.

Information: ** activity Multi-Axis Flank Contouring.1 : INIT. ** 
Information: Force Compute on Multi-Axis Flank Contouring.1.
Information: ** Machining and total time  : 29s , 29s . ** 
Information: ** activity Multi-Axis Flank Contouring.1 : END . ** 

Information: ** activity Tool Change.3 : INIT. ** 
Information: ** Machining and total time  : 0s , 0s . ** 
Information: ** activity Tool Change.3 : END . ** 
Warning: activity Spot Drilling.1 is locked.

Information: ** activity Spot Drilling.1 : INIT. ** 
Information: Force Compute on Spot Drilling.1.
Information: ** Machining and total time  : 1s , 5s . ** 
Information: ** activity Spot Drilling.1 : END . ** 

Information: ** activity Tool Change.4 : INIT. ** 
Information: ** Machining and total time  : 0s , 0s . ** 
Information: ** activity Tool Change.4 : END . ** 
Warning: activity Drilling Deep Hole.1 is locked.

Information: ** activity Drilling Deep Hole.1 : INIT. ** 
Information: Force Compute on Drilling Deep Hole.1.
Information: ** Machining and total time  : 51s , 56s . ** 
Information: ** activity Drilling Deep Hole.1 : END . ** 

Information: ** activity Tool Change.5 : INIT. ** 
Information: ** Machining and total time  : 0s , 0s . ** 
Information: ** activity Tool Change.5 : END . ** 
Warning: activity Reaming.1 is locked.

Information: ** activity Reaming.1 : INIT. ** 
Information: Force Compute on Reaming.1.
Information: ** Machining and total time  : 2s , 7s . ** 
Information: ** activity Reaming.1 : END . ** 
Information: ** activity Manufacturing Program.1 : END . ** 
Generating NC code file : End.

---------------------------------------

Generating ISO file : Debut.
Generating ISO file : End.

---------------------------------------

End of Batch.

---------------------------------------

