* id,msg,error,warning,stop,line,command,macro,statment,debug,format,log,pprint,iso,dialog
*
* 1 --> message Id
* 2 --> Message
* 3 --> increment Error counter
* 4 --> increment Warning counter
* 5 --> Stop execution
* 6 --> show current output Line
* 7 --> show current apt Command
* 8 --> show current execution macRo
* 9 --> show current execuTion macro's line
* A --> break in Debug mode
* B --> error contain Formated string
* C --> Write to the log file
* D --> Write as PPRINT command
* E --> Write to the list file
* F --> PopUp Dialog Message
*
*1           2                                3 4 5 6 7 8 9 A B C D E F
*Errors
0,***,   1,0,0,0,1,1,1,1,0,1,0,0,0
10,*** Error: Cannot evaluate expression,   1,0,0,0,1,1,1,1,0,1,0,0,0
11,*** Error: %s Cannot evaluate expression,   1,0,0,0,1,1,1,1,1,1,0,0,0
12,*** Error: %s undefined,   1,0,0,0,1,1,1,1,1,1,0,0,0
13,*** Error: %s,   1,0,0,0,1,1,1,1,1,1,0,0,0
14,*** Error: Cannot process input,   1,0,0,0,1,1,1,1,0,1,0,0,0
15,*** Error: Missing filename,   1,0,0,0,1,1,1,1,0,1,0,0,0
16,%s %f Exceed limit %f,   1,0,0,1,1,1,1,1,1,1,0,0,0
17,*** No Solution For %s,   1,0,0,1,1,1,1,1,1,0,0,1,1
18,*** No Solution For %s \n   Lintol Angular Deviation %f,   1,0,0,0,1,1,1,1,1,1,0,0,0
21,*** Error: Input doesn`t match APT's syntax commands,1,0,0,1,1,1,1,1,1,1,0,1,0
-1,*** Software Failure,   1,0,0,0,1,1,1,1,0,1,0,0,0
*Warning
50,*** Warning: %s not found,   0,1,0,1,1,1,1,1,1,1,0,0,0
51,*** Warning: %s not assigned,   0,1,0,1,1,1,1,1,1,1,0,0,0
52,*** Warning: Invalid boundary,   0,1,0,1,1,1,1,1,0,1,0,0,0
53,*** Warning: %s not valid,   0,1,0,1,1,1,1,1,1,1,0,0,0
54,*** Warning: All output deleted,   0,1,0,1,1,1,1,1,0,1,0,0,0
56,*** Warning: Macro is not loaded,   0,1,0,1,1,1,1,1,0,1,0,0,0
55,*** Warning: Line past end of file,   0,1,0,0,1,1,1,1,0,1,0,0,0
19,*** No Macro found for <%s> Command,   0,0,0,0,1,1,0,1,1,0,0,0,0
57,*** Warning: Line past end of file,   0,1,0,1,1,1,1,1,0,1,0,0,0
