* id,msg,error,warning,stop,line,command,macro,statment,debug,format,log,pprint,iso,dialog
*
* 1 --> message Id
* 2 --> Message
* 3 --> increment Error counter
* 4 --> increment Warning counter
* 5 --> Stop execution
* 6 --> show current output Line
* 7 --> show current apt Command
* 8 --> show current execution macRo
* 9 --> show current execuTion macro's line
* A --> break in Debug mode
* B --> error contain Formated string
* C --> Write to the log file
* D --> Write as PPRINT command
* E --> Write to the list file
* F --> PopUp Dialog Message
*
*1           2                                3 4 5 6 7 8 9 A B C D E F
*Errors
1000,this %f user error %s,   1,1,0,1,1,1,1,1,1,1,0,0,1
1002,sdsdsdsds,   0,0,0,0,0,0,0,0,0,0,0,0,0
