
---------------------------------------

Reading document : Start.
Reading document : End.

---------------------------------------

Verifying document : Start.
Verifying document : End.

---------------------------------------

Machine initialization : Start.
Machine initialization : End.

---------------------------------------


Generating NC code file : Start.

Information: ** activity 0001 : INIT. ** 

Information: ** activity Activate G2/G3 arc fit from GOTO points : INIT. ** 
Information: ** activity Activate G2/G3 arc fit from GOTO points : END . ** 

Information: ** activity Op 1 : INIT. ** 
Information: ** Machining and total time  : 0s , 0s . ** 
Information: ** activity Op 1 : END . ** 
Warning: activity Rough top of plate is locked.

Information: ** activity Rough top of plate : INIT. ** 
Information: Force Compute on Rough top of plate.
Information: ** Machining and total time  : 17mn 33s , 17mn 46s . ** 
Information: ** activity Rough top of plate : END . ** 
Warning: activity Rough slot is locked.

Information: ** activity Rough slot : INIT. ** 
Information: Force Compute on Rough slot.
Information: ** Machining and total time  : 1mn 30s , 1mn 38s . ** 
Information: ** activity Rough slot : END . ** 
Warning: activity Circular Mill 2 large holes is locked.

Information: ** activity Circular Mill 2 large holes : INIT. ** 
Information: Force Compute on Circular Mill 2 large holes.
Information: ** Machining and total time  : 1mn 7s , 1mn 43s . ** 
Information: ** activity Circular Mill 2 large holes : END . ** 

Information: ** activity Op 2 : INIT. ** 
Information: ** Machining and total time  : 0s , 0s . ** 
Information: ** activity Op 2 : END . ** 
Warning: activity Thread Mill 2 large holes is locked.

Information: ** activity Thread Mill 2 large holes : INIT. ** 
Information: Force Compute on Thread Mill 2 large holes.
Information: ** Machining and total time  : 0s , 2mn 53s . ** 
Information: ** activity Thread Mill 2 large holes : END . ** 

Information: ** activity Op 3 : INIT. ** 
Information: ** Machining and total time  : 0s , 0s . ** 
Information: ** activity Op 3 : END . ** 
Warning: activity Rough bottom of plate is locked.

Information: ** activity Rough bottom of plate : INIT. ** 
Information: Force Compute on Rough bottom of plate.
Information: ** Machining and total time  : 8mn 15s , 8mn 40s . ** 
Information: ** activity Rough bottom of plate : END . ** 

Information: ** activity Op 4 : INIT. ** 
Information: ** Machining and total time  : 0s , 0s . ** 
Information: ** activity Op 4 : END . ** 
Warning: activity Form angled side is locked.

Information: ** activity Form angled side : INIT. ** 
Information: Force Compute on Form angled side.
Information: ** Machining and total time  : 7mn 6s , 7mn 38s . ** 
Information: ** activity Form angled side : END . ** 

Information: ** activity Op 5 : INIT. ** 
Information: ** Machining and total time  : 0s , 0s . ** 
Information: ** activity Op 5 : END . ** 
Warning: activity Profile outer contour is locked.

Information: ** activity Profile outer contour : INIT. ** 
Information: Force Compute on Profile outer contour.
Information: ** Machining and total time  : 7mn 33s , 8mn 2s . ** 
Information: ** activity Profile outer contour : END . ** 

Information: ** activity Op 6 : INIT. ** 
Information: ** Machining and total time  : 0s , 0s . ** 
Information: ** activity Op 6 : END . ** 
Warning: activity Drilling Deep Hole is locked.

Information: ** activity Drilling Deep Hole : INIT. ** 
Information: Force Compute on Drilling Deep Hole.
Information: ** Machining and total time  : 2mn 48s , 2mn 51s . ** 
Information: ** activity Drilling Deep Hole : END . ** 

Information: ** activity Op 7 : INIT. ** 
Information: ** Machining and total time  : 0s , 0s . ** 
Information: ** activity Op 7 : END . ** 
Warning: activity Chamfer between side and bottom is locked.

Information: ** activity Chamfer between side and bottom : INIT. ** 
Information: Force Compute on Chamfer between side and bottom.
Information: ** Machining and total time  : 1mn 34s , 1mn 36s . ** 
Information: ** activity Chamfer between side and bottom : END . ** 

Information: ** activity Op 8 : INIT. ** 
Information: ** Machining and total time  : 0s , 0s . ** 
Information: ** activity Op 8 : END . ** 
Warning: activity Chamfer slot is locked.

Information: ** activity Chamfer slot : INIT. ** 
Information: Force Compute on Chamfer slot.
Information: ** Machining and total time  : 1mn 59s , 2mn 1s . ** 
Information: ** activity Chamfer slot : END . ** 

Information: ** activity Op 9 : INIT. ** 
Information: ** Machining and total time  : 0s , 0s . ** 
Information: ** activity Op 9 : END . ** 
Warning: activity Drilling is locked.

Information: ** activity Drilling : INIT. ** 
Information: Force Compute on Drilling.
Information: ** Machining and total time  : 1mn 39s , 1mn 40s . ** 
Information: ** activity Drilling : END . ** 

Information: ** activity Op 10 : INIT. ** 
Information: ** Machining and total time  : 0s , 0s . ** 
Information: ** activity Op 10 : END . ** 
Warning: activity Fillet between top and side is locked.

Information: ** activity Fillet between top and side : INIT. ** 
Information: Force Compute on Fillet between top and side.
Information: ** Machining and total time  : 5mn 36s , 5mn 42s . ** 
Information: ** activity Fillet between top and side : END . ** 
Information: ** activity 0001 : END . ** 
Generating NC code file : End.

---------------------------------------

Generating ISO file : Debut.
Generating ISO file : End.

---------------------------------------

End of Batch.

---------------------------------------

